2018-01-27 20:38:53: >>> [DEV]: Compiling...
2018-01-27 20:38:56: >>> [DEV]:  ♫ App Quit
2018-01-27 20:38:89: >>> [DEV]: Compiling...
2018-01-27 20:38:92: >>> [DEV]:  ♫ App Quit
2018-01-27 20:38:87: >>> [DEV]: Compiling...
2018-01-27 20:38:89: >>> [DEV]:  ♫ App Quit
2018-01-27 20:38:88: >>> [DEV]: Compiling...
2018-01-27 20:38:92: >>> [DEV]:  ♫ App Quit
2018-01-27 20:38:00: >>> [DEV]: Compiling...
2018-01-27 20:38:03: >>> [DEV]:  ♫ App Quit
2018-01-27 20:39:06: >>> [DEV]: Compiling...
2018-01-27 20:39:08: >>> [DEV]:  ♫ App Quit
2018-01-27 20:39:24: >>> [DEV]: Compiling...
2018-01-27 20:39:26: >>> [DEV]:  ♫ App Quit
2018-01-27 20:39:25: >>> [DEV]: Compiling...
2018-01-27 20:39:27: >>> [DEV]:  ♫ App Quit
2018-01-27 20:39:27: >>> [DEV]: Compiling...
2018-01-27 20:39:30: >>> [DEV]:  ♫ App Quit
2018-01-27 20:39:41: >>> [DEV]: Compiling...
2018-01-27 20:39:44: >>> [DEV]:  ♫ App Quit
2018-01-27 20:39:52: >>> [DEV]: Compiling...
2018-01-27 20:39:54: >>> [DEV]:  ♫ App Quit
2018-01-27 20:39:59: >>> [DEV]: Compiling...
2018-01-27 20:39:62: >>> [DEV]:  ♫ App Quit
2018-01-27 20:39:65: >>> [DEV]: Compiling...
2018-01-27 20:39:67: >>> [DEV]:  ♫ App Quit
2018-01-27 20:39:67: >>> [DEV]: Compiling...
2018-01-27 20:39:69: >>> [DEV]:  ♫ App Quit
2018-01-27 20:39:33: >>> [DEV]: Compiling...
2018-01-27 20:39:36: >>> [DEV]:  ♫ App Quit
2018-01-27 20:39:90: >>> [DEV]: Compiling...
2018-01-27 20:39:93: >>> [DEV]:  ♫ App Quit
2018-01-27 20:39:33: >>> [DEV]: Compiling...
2018-01-27 20:39:36: >>> [DEV]:  ♫ App Quit
2018-01-27 20:40:04: >>> [DEV]: Compiling...
2018-01-27 20:40:08: >>> [DEV]:  ♫ App Quit
2018-01-27 20:40:35: >>> [DEV]: Compiling...
2018-01-27 20:40:38: >>> [DEV]:  ♫ App Quit
2018-01-27 20:40:56: >>> [DEV]: Compiling...
2018-01-27 20:40:58: >>> [DEV]:  ♫ App Quit
2018-01-27 20:40:97: >>> [DEV]: Compiling...
2018-01-27 20:40:00: >>> [DEV]:  ♫ App Quit
2018-01-27 20:40:01: >>> [DEV]: Compiling...
2018-01-27 20:40:03: >>> [DEV]:  ♫ App Quit
2018-01-27 20:40:99: >>> [DEV]: Compiling...
2018-01-27 20:40:01: >>> [DEV]:  ♫ App Quit
2018-01-27 20:40:93: >>> [DEV]: Compiling...
2018-01-27 20:40:95: >>> [DEV]:  ♫ App Quit
2018-01-27 20:40:94: >>> [DEV]: Compiling...
2018-01-27 20:40:96: >>> [DEV]:  ♫ App Quit
2018-01-27 20:40:90: >>> [DEV]: Compiling...
2018-01-27 20:40:92: >>> [DEV]:  ♫ App Quit
2018-01-27 20:40:82: >>> [DEV]: Compiling...
2018-01-27 20:40:84: >>> [DEV]:  ♫ App Quit
2018-01-27 20:40:76: >>> [DEV]: Compiling...
2018-01-27 20:40:79: >>> [DEV]:  ♫ App Quit
2018-01-27 20:40:71: >>> [DEV]: Compiling...
2018-01-27 20:40:73: >>> [DEV]:  ♫ App Quit
2018-01-27 20:41:94: >>> [DEV]: Compiling...
2018-01-27 20:41:97: >>> [DEV]:  ♫ App Quit
2018-01-27 20:41:73: >>> [DEV]: Compiling...
2018-01-27 20:41:76: >>> [DEV]:  ♫ App Quit
2018-01-27 20:41:36: >>> [DEV]: Compiling...
2018-01-27 20:41:38: >>> [DEV]:  ♫ App Quit
2018-01-27 20:41:61: >>> [DEV]: Compiling...
2018-01-27 20:41:64: >>> [DEV]:  ♫ App Quit
2018-01-27 20:41:27: >>> [DEV]: Compiling...
2018-01-27 20:41:30: >>> [DEV]:  ♫ App Quit
2018-01-27 20:41:82: >>> [DEV]: Compiling...
2018-01-27 20:41:86: >>> [DEV]:  ♫ App Quit
2018-01-27 20:41:95: >>> [DEV]: Compiling...
2018-01-27 20:41:98: >>> [DEV]:  ♫ App Quit
2018-01-27 20:41:94: >>> [DEV]: Compiling...
2018-01-27 20:41:96: >>> [DEV]:  ♫ App Quit
2018-01-27 20:41:88: >>> [DEV]: Compiling...
2018-01-27 20:41:91: >>> [DEV]:  ♫ App Quit
2018-01-27 20:41:00: >>> [DEV]: Compiling...
2018-01-27 20:41:03: >>> [DEV]:  ♫ App Quit
2018-01-27 20:41:99: >>> [DEV]: Compiling...
2018-01-27 20:41:02: >>> [DEV]:  ♫ App Quit
2018-01-27 20:42:35: >>> [DEV]: Compiling...
2018-01-27 20:42:38: >>> [DEV]:  ♫ App Quit
2018-01-27 20:42:38: >>> [DEV]: Compiling...
2018-01-27 20:42:40: >>> [DEV]:  ♫ App Quit
2018-01-27 20:42:36: >>> [DEV]: Compiling...
2018-01-27 20:42:38: >>> [DEV]:  ♫ App Quit
2018-01-27 20:42:27: >>> [DEV]: Compiling...
2018-01-27 20:42:29: >>> [DEV]:  ♫ App Quit
2018-01-27 20:42:22: >>> [DEV]: Compiling...
2018-01-27 20:42:24: >>> [DEV]:  ♫ App Quit
2018-01-27 20:42:17: >>> [DEV]: Compiling...
2018-01-27 20:42:19: >>> [DEV]:  ♫ App Quit
2018-01-27 20:42:20: >>> [DEV]: Compiling...
2018-01-27 20:42:23: >>> [DEV]:  ♫ App Quit
2018-01-27 20:42:57: >>> [DEV]: Compiling...
2018-01-27 20:42:58: >>> [DEV]:  ♫ App Quit
2018-01-27 20:42:71: >>> [DEV]: Compiling...
2018-01-27 20:42:73: >>> [DEV]:  ♫ App Quit
2018-01-27 20:42:79: >>> [DEV]: Compiling...
2018-01-27 20:42:81: >>> [DEV]:  ♫ App Quit
2018-01-27 20:42:79: >>> [DEV]: Compiling...
2018-01-27 20:42:82: >>> [DEV]:  ♫ App Quit
2018-01-27 20:42:76: >>> [DEV]: Compiling...
2018-01-27 20:42:78: >>> [DEV]:  ♫ App Quit
2018-01-27 20:43:09: >>> [DEV]: Compiling...
2018-01-27 20:43:11: >>> [DEV]:  ♫ App Quit
2018-01-27 20:43:35: >>> [DEV]: Compiling...
2018-01-27 20:43:38: >>> [DEV]:  ♫ App Quit
2018-01-27 20:43:71: >>> [DEV]: Compiling...
2018-01-27 20:43:74: >>> [DEV]:  ♫ App Quit
2018-01-27 20:43:74: >>> [DEV]: Compiling...
2018-01-27 20:43:77: >>> [DEV]:  ♫ App Quit
2018-01-27 20:43:78: >>> [DEV]: Compiling...
2018-01-27 20:43:81: >>> [DEV]:  ♫ App Quit
2018-01-27 20:43:68: >>> [DEV]: Compiling...
2018-01-27 20:43:73: >>> [DEV]:  ♫ App Quit
2018-01-27 20:43:37: >>> [DEV]: Compiling...
2018-01-27 20:43:41: >>> [DEV]:  ♫ App Quit
2018-01-27 20:43:87: >>> [DEV]: Compiling...
2018-01-27 20:43:91: >>> [DEV]:  ♫ App Quit
2018-01-27 20:43:19: >>> [DEV]: Compiling...
2018-01-27 20:43:22: >>> [DEV]:  ♫ App Quit
2018-01-27 20:43:65: >>> [DEV]: Compiling...
2018-01-27 20:43:68: >>> [DEV]:  ♫ App Quit
2018-01-27 20:43:66: >>> [DEV]: Compiling...
2018-01-27 20:43:69: >>> [DEV]:  ♫ App Quit
2018-01-27 20:44:91: >>> [DEV]: Compiling...
2018-01-27 20:44:94: >>> [DEV]:  ♫ App Quit
2018-01-27 20:44:99: >>> [DEV]: Compiling...
2018-01-27 20:44:02: >>> [DEV]:  ♫ App Quit
2018-01-27 20:44:67: >>> [DEV]: Compiling...
2018-01-27 20:44:70: >>> [DEV]:  ♫ App Quit
2018-01-27 20:44:11: >>> [DEV]: Compiling...
2018-01-27 20:44:14: >>> [DEV]:  ♫ App Quit
2018-01-27 20:44:07: >>> [DEV]: Compiling...
2018-01-27 20:44:10: >>> [DEV]:  ♫ App Quit
2018-01-27 20:44:25: >>> [DEV]: Compiling...
2018-01-27 20:44:28: >>> [DEV]:  ♫ App Quit
2018-01-27 20:44:47: >>> [DEV]: Compiling...
2018-01-27 20:44:50: >>> [DEV]:  ♫ App Quit
2018-01-27 20:44:49: >>> [DEV]: Compiling...
2018-01-27 20:44:51: >>> [DEV]:  ♫ App Quit
2018-01-27 20:44:74: >>> [DEV]: Compiling...
2018-01-27 20:44:77: >>> [DEV]:  ♫ App Quit
2018-01-27 20:44:94: >>> [DEV]: Compiling...
2018-01-27 20:44:97: >>> [DEV]:  ♫ App Quit
2018-01-27 20:44:95: >>> [DEV]: Compiling...
2018-01-27 20:44:97: >>> [DEV]:  ♫ App Quit
2018-01-27 20:45:08: >>> [DEV]: Compiling...
2018-01-27 20:45:11: >>> [DEV]:  ♫ App Quit
2018-01-27 20:45:12: >>> [DEV]: Compiling...
2018-01-27 20:45:14: >>> [DEV]:  ♫ App Quit
2018-01-27 20:45:08: >>> [DEV]: Compiling...
2018-01-27 20:45:11: >>> [DEV]:  ♫ App Quit
2018-01-27 20:45:22: >>> [DEV]: Compiling...
2018-01-27 20:45:25: >>> [DEV]:  ♫ App Quit
2018-01-27 20:45:13: >>> [DEV]: Compiling...
2018-01-27 20:45:15: >>> [DEV]:  ♫ App Quit
2018-01-27 20:45:15: >>> [DEV]: Compiling...
2018-01-27 20:45:17: >>> [DEV]:  ♫ App Quit
2018-01-27 20:45:21: >>> [DEV]: Compiling...
2018-01-27 20:45:24: >>> [DEV]:  ♫ App Quit
2018-01-27 20:45:43: >>> [DEV]: Compiling...
2018-01-27 20:45:46: >>> [DEV]:  ♫ App Quit
2018-01-27 20:45:34: >>> [DEV]: Compiling...
2018-01-27 20:45:36: >>> [DEV]:  ♫ App Quit
2018-01-27 20:45:27: >>> [DEV]: Compiling...
2018-01-27 20:45:29: >>> [DEV]:  ♫ App Quit
2018-01-27 20:45:28: >>> [DEV]: Compiling...
2018-01-27 20:45:31: >>> [DEV]:  ♫ App Quit
2018-01-27 20:45:50: >>> [DEV]: Compiling...
2018-01-27 20:45:52: >>> [DEV]:  ♫ App Quit
2018-01-27 20:46:52: >>> [DEV]: Compiling...
2018-01-27 20:46:55: >>> [DEV]:  ♫ App Quit
2018-01-27 20:46:58: >>> [DEV]: Compiling...
2018-01-27 20:46:60: >>> [DEV]:  ♫ App Quit
2018-01-27 20:46:85: >>> [DEV]: Compiling...
2018-01-27 20:46:87: >>> [DEV]:  ♫ App Quit
2018-01-27 20:46:92: >>> [DEV]: Compiling...
2018-01-27 20:46:95: >>> [DEV]:  ♫ App Quit
2018-01-27 20:46:98: >>> [DEV]: Compiling...
2018-01-27 20:46:01: >>> [DEV]:  ♫ App Quit
2018-01-27 20:46:05: >>> [DEV]: Compiling...
2018-01-27 20:46:07: >>> [DEV]:  ♫ App Quit
2018-01-27 20:46:14: >>> [DEV]: Compiling...
2018-01-27 20:46:16: >>> [DEV]:  ♫ App Quit
2018-01-27 20:46:51: >>> [DEV]: Compiling...
2018-01-27 20:46:54: >>> [DEV]:  ♫ App Quit
2018-01-27 20:46:52: >>> [DEV]: Compiling...
2018-01-27 20:46:55: >>> [DEV]:  ♫ App Quit
2018-01-27 20:46:69: >>> [DEV]: Compiling...
2018-01-27 20:46:71: >>> [DEV]:  ♫ App Quit
2018-01-27 20:46:71: >>> [DEV]: Compiling...
2018-01-27 20:46:73: >>> [DEV]:  ♫ App Quit
2018-01-27 20:46:13: >>> [DEV]: Compiling...
2018-01-27 20:46:16: >>> [DEV]:  ♫ App Quit
2018-01-27 20:47:64: >>> [DEV]: Compiling...
2018-01-27 20:47:67: >>> [DEV]:  ♫ App Quit
2018-01-27 20:47:00: >>> [DEV]: Compiling...
2018-01-27 20:47:02: >>> [DEV]:  ♫ App Quit
2018-01-27 20:47:63: >>> [DEV]: Compiling...
2018-01-27 20:47:12: server/app.js -> serverdist/app.js
2018-01-27 20:47:26: server/common/common.js -> serverdist/common/common.js
2018-01-27 20:47:29: server/config/host.js -> serverdist/config/host.js
2018-01-27 20:47:43: server/controllers/index.js -> serverdist/controllers/index.js
2018-01-27 20:47:49: server/controllers/project.js -> serverdist/controllers/project.js
2018-01-27 20:47:50: >>> [DEV]:  ♫ App Quit
2018-01-27 20:47:53: >>> [DEV]: Compiling...
2018-01-27 20:47:83: server/app.js -> serverdist/app.js
2018-01-27 20:47:91: server/common/common.js -> serverdist/common/common.js
2018-01-27 20:47:92: server/config/host.js -> serverdist/config/host.js
2018-01-27 20:47:98: server/controllers/index.js -> serverdist/controllers/index.js
2018-01-27 20:47:03: server/controllers/project.js -> serverdist/controllers/project.js
2018-01-27 20:47:04: >>> [DEV]:  ♫ App Quit
2018-01-27 20:47:03: >>> [DEV]: Compiling...
2018-01-27 20:47:29: server/app.js -> serverdist/app.js
2018-01-27 20:47:37: server/common/common.js -> serverdist/common/common.js
2018-01-27 20:47:38: server/config/host.js -> serverdist/config/host.js
2018-01-27 20:47:43: server/controllers/index.js -> serverdist/controllers/index.js
2018-01-27 20:47:48: server/controllers/project.js -> serverdist/controllers/project.js
2018-01-27 20:47:48: >>> [DEV]:  ♫ App Quit
2018-01-27 20:47:58: >>> [DEV]: Compiling...
2018-01-27 20:47:87: server/app.js -> serverdist/app.js
2018-01-27 20:47:95: server/common/common.js -> serverdist/common/common.js
2018-01-27 20:47:96: server/config/host.js -> serverdist/config/host.js
2018-01-27 20:47:01: server/controllers/index.js -> serverdist/controllers/index.js
2018-01-27 20:47:08: server/controllers/project.js -> serverdist/controllers/project.js
2018-01-27 20:47:09: >>> [DEV]:  ♫ App Quit
2018-01-27 20:47:11: >>> [DEV]: Compiling...
2018-01-27 20:47:39: server/app.js -> serverdist/app.js
2018-01-27 20:47:49: server/common/common.js -> serverdist/common/common.js
2018-01-27 20:47:50: server/config/host.js -> serverdist/config/host.js
2018-01-27 20:47:60: server/controllers/index.js -> serverdist/controllers/index.js
2018-01-27 20:47:70: server/controllers/project.js -> serverdist/controllers/project.js
2018-01-27 20:47:72: >>> [DEV]:  ♫ App Quit
2018-01-27 20:47:38: >>> [DEV]: Compiling...
2018-01-27 20:47:78: server/app.js -> serverdist/app.js
2018-01-27 20:47:88: server/common/common.js -> serverdist/common/common.js
2018-01-27 20:47:90: server/config/host.js -> serverdist/config/host.js
2018-01-27 20:47:95: server/controllers/index.js -> serverdist/controllers/index.js
2018-01-27 20:47:01: server/controllers/project.js -> serverdist/controllers/project.js
2018-01-27 20:47:01: >>> [DEV]:  ♫ App Quit
2018-01-27 20:47:18: >>> [DEV]: Compiling...
2018-01-27 20:47:48: server/app.js -> serverdist/app.js
2018-01-27 20:47:57: server/common/common.js -> serverdist/common/common.js
2018-01-27 20:47:58: server/config/host.js -> serverdist/config/host.js
2018-01-27 20:47:65: server/controllers/index.js -> serverdist/controllers/index.js
2018-01-27 20:47:69: server/controllers/project.js -> serverdist/controllers/project.js
2018-01-27 20:47:69: >>> [DEV]:  ♫ App Quit
2018-01-27 20:47:76: >>> [DEV]: Compiling...
2018-01-27 20:47:04: server/app.js -> serverdist/app.js
2018-01-27 20:47:13: server/common/common.js -> serverdist/common/common.js
2018-01-27 20:47:14: server/config/host.js -> serverdist/config/host.js
2018-01-27 20:47:19: server/controllers/index.js -> serverdist/controllers/index.js
2018-01-27 20:47:24: server/controllers/project.js -> serverdist/controllers/project.js
2018-01-27 20:47:24: >>> [DEV]:  ♫ App Quit
2018-01-27 20:48:21: >>> [DEV]: Compiling...
2018-01-27 20:48:49: server/app.js -> serverdist/app.js
2018-01-27 20:48:57: server/common/common.js -> serverdist/common/common.js
2018-01-27 20:48:58: server/config/host.js -> serverdist/config/host.js
2018-01-27 20:48:63: server/controllers/index.js -> serverdist/controllers/index.js
2018-01-27 20:48:68: server/controllers/project.js -> serverdist/controllers/project.js
2018-01-27 20:48:68: >>> [DEV]:  ♫ App Quit
2018-01-27 20:48:61: >>> [DEV]: Compiling...
2018-01-27 20:48:88: server/app.js -> serverdist/app.js
2018-01-27 20:48:97: server/common/common.js -> serverdist/common/common.js
2018-01-27 20:48:98: server/config/host.js -> serverdist/config/host.js
2018-01-27 20:48:04: server/controllers/index.js -> serverdist/controllers/index.js
2018-01-27 20:48:08: server/controllers/project.js -> serverdist/controllers/project.js
2018-01-27 20:48:09: >>> [DEV]:  ♫ App Quit
2018-01-27 20:48:15: >>> [DEV]: Compiling...
2018-01-27 20:48:44: server/app.js -> serverdist/app.js
2018-01-27 20:48:55: server/common/common.js -> serverdist/common/common.js
2018-01-27 20:48:56: server/config/host.js -> serverdist/config/host.js
2018-01-27 20:48:63: server/controllers/index.js -> serverdist/controllers/index.js
2018-01-27 20:48:69: server/controllers/project.js -> serverdist/controllers/project.js
2018-01-27 20:48:70: >>> [DEV]:  ♫ App Quit
2018-01-27 20:48:58: >>> [DEV]: Compiling...
2018-01-27 20:48:84: server/app.js -> serverdist/app.js
2018-01-27 20:48:92: server/common/common.js -> serverdist/common/common.js
2018-01-27 20:48:93: server/config/host.js -> serverdist/config/host.js
2018-01-27 20:48:98: server/controllers/index.js -> serverdist/controllers/index.js
2018-01-27 20:48:02: server/controllers/project.js -> serverdist/controllers/project.js
2018-01-27 20:48:02: >>> [DEV]:  ♫ App Quit
2018-01-27 20:48:48: >>> [DEV]: Compiling...
2018-01-27 20:48:95: server/app.js -> serverdist/app.js
2018-01-27 20:48:12: server/common/common.js -> serverdist/common/common.js
2018-01-27 20:48:14: server/config/host.js -> serverdist/config/host.js
2018-01-27 20:48:30: server/controllers/index.js -> serverdist/controllers/index.js
2018-01-27 20:48:47: server/controllers/project.js -> serverdist/controllers/project.js
2018-01-27 20:48:47: >>> [DEV]:  ♫ App Quit
2018-01-27 20:48:05: >>> [DEV]: Compiling...
2018-01-27 20:48:46: server/app.js -> serverdist/app.js
2018-01-27 20:48:59: server/common/common.js -> serverdist/common/common.js
2018-01-27 20:48:61: server/config/host.js -> serverdist/config/host.js
2018-01-27 20:48:68: server/controllers/index.js -> serverdist/controllers/index.js
2018-01-27 20:48:78: server/controllers/project.js -> serverdist/controllers/project.js
2018-01-27 20:48:79: >>> [DEV]:  ♫ App Quit
2018-01-27 20:48:37: >>> [DEV]: Compiling...
2018-01-27 20:48:78: server/app.js -> serverdist/app.js
2018-01-27 20:48:92: server/common/common.js -> serverdist/common/common.js
2018-01-27 20:48:93: server/config/host.js -> serverdist/config/host.js
2018-01-27 20:48:02: server/controllers/index.js -> serverdist/controllers/index.js
2018-01-27 20:48:12: server/controllers/project.js -> serverdist/controllers/project.js
2018-01-27 20:48:13: >>> [DEV]:  ♫ App Quit
2018-01-27 20:48:80: >>> [DEV]: Compiling...
2018-01-27 20:48:24: server/app.js -> serverdist/app.js
2018-01-27 20:48:39: server/common/common.js -> serverdist/common/common.js
2018-01-27 20:48:41: server/config/host.js -> serverdist/config/host.js
2018-01-27 20:48:51: server/controllers/index.js -> serverdist/controllers/index.js
2018-01-27 20:48:60: server/controllers/project.js -> serverdist/controllers/project.js
2018-01-27 20:48:61: >>> [DEV]:  ♫ App Quit
2018-01-27 20:48:74: >>> [DEV]: Compiling...
2018-01-27 20:48:04: server/app.js -> serverdist/app.js
2018-01-27 20:48:12: server/common/common.js -> serverdist/common/common.js
2018-01-27 20:48:14: server/config/host.js -> serverdist/config/host.js
2018-01-27 20:48:19: server/controllers/index.js -> serverdist/controllers/index.js
2018-01-27 20:48:24: server/controllers/project.js -> serverdist/controllers/project.js
2018-01-27 20:48:25: >>> [DEV]:  ♫ App Quit
2018-01-27 20:48:39: >>> [DEV]: Compiling...
2018-01-27 20:48:78: server/app.js -> serverdist/app.js
2018-01-27 20:48:88: server/common/common.js -> serverdist/common/common.js
2018-01-27 20:48:89: server/config/host.js -> serverdist/config/host.js
2018-01-27 20:48:96: server/controllers/index.js -> serverdist/controllers/index.js
2018-01-27 20:48:02: server/controllers/project.js -> serverdist/controllers/project.js
2018-01-27 20:48:03: >>> [DEV]:  ♫ App Quit
2018-01-27 20:49:11: >>> [DEV]: Compiling...
2018-01-27 20:49:41: server/app.js -> serverdist/app.js
2018-01-27 20:49:50: server/common/common.js -> serverdist/common/common.js
2018-01-27 20:49:51: server/config/host.js -> serverdist/config/host.js
2018-01-27 20:49:57: server/controllers/index.js -> serverdist/controllers/index.js
2018-01-27 20:49:62: server/controllers/project.js -> serverdist/controllers/project.js
2018-01-27 20:49:62: >>> [DEV]:  ♫ App Quit
2018-01-27 20:49:76: >>> [DEV]: Compiling...
2018-01-27 20:49:11: server/app.js -> serverdist/app.js
2018-01-27 20:49:21: server/common/common.js -> serverdist/common/common.js
2018-01-27 20:49:22: server/config/host.js -> serverdist/config/host.js
2018-01-27 20:49:29: server/controllers/index.js -> serverdist/controllers/index.js
2018-01-27 20:49:34: server/controllers/project.js -> serverdist/controllers/project.js
2018-01-27 20:49:34: >>> [DEV]:  ♫ App Quit
2018-01-27 20:49:54: >>> [DEV]: Compiling...
2018-01-27 20:49:90: server/app.js -> serverdist/app.js
2018-01-27 20:49:99: server/common/common.js -> serverdist/common/common.js
2018-01-27 20:49:00: server/config/host.js -> serverdist/config/host.js
2018-01-27 20:49:07: server/controllers/index.js -> serverdist/controllers/index.js
2018-01-27 20:49:13: server/controllers/project.js -> serverdist/controllers/project.js
2018-01-27 20:49:13: >>> [DEV]:  ♫ App Quit
2018-01-27 20:49:60: >>> [DEV]: Compiling...
2018-01-27 20:49:12: server/app.js -> serverdist/app.js
2018-01-27 20:49:25: server/common/common.js -> serverdist/common/common.js
2018-01-27 20:49:28: server/config/host.js -> serverdist/config/host.js
2018-01-27 20:49:37: server/controllers/index.js -> serverdist/controllers/index.js
2018-01-27 20:49:45: server/controllers/project.js -> serverdist/controllers/project.js
2018-01-27 20:49:46: >>> [DEV]:  ♫ App Quit
2018-01-27 20:49:85: >>> [DEV]: Compiling...
2018-01-27 20:49:27: server/app.js -> serverdist/app.js
2018-01-27 20:49:37: server/common/common.js -> serverdist/common/common.js
2018-01-27 20:49:39: server/config/host.js -> serverdist/config/host.js
2018-01-27 20:49:46: server/controllers/index.js -> serverdist/controllers/index.js
2018-01-27 20:49:51: server/controllers/project.js -> serverdist/controllers/project.js
2018-01-27 20:49:52: >>> [DEV]:  ♫ App Quit
2018-01-27 20:49:93: >>> [DEV]: Compiling...
2018-01-27 20:49:30: server/app.js -> serverdist/app.js
2018-01-27 20:49:39: server/common/common.js -> serverdist/common/common.js
2018-01-27 20:49:41: server/config/host.js -> serverdist/config/host.js
2018-01-27 20:49:48: server/controllers/index.js -> serverdist/controllers/index.js
2018-01-27 20:49:54: server/controllers/project.js -> serverdist/controllers/project.js
2018-01-27 20:49:55: >>> [DEV]:  ♫ App Quit
2018-01-27 20:49:01: >>> [DEV]: Compiling...
2018-01-27 20:49:40: server/app.js -> serverdist/app.js
2018-01-27 20:49:51: server/common/common.js -> serverdist/common/common.js
2018-01-27 20:49:53: server/config/host.js -> serverdist/config/host.js
2018-01-27 20:49:59: server/controllers/index.js -> serverdist/controllers/index.js
2018-01-27 20:49:64: server/controllers/project.js -> serverdist/controllers/project.js
2018-01-27 20:49:65: >>> [DEV]:  ♫ App Quit
2018-01-27 20:49:59: >>> [DEV]: Compiling...
2018-01-27 20:49:92: server/app.js -> serverdist/app.js
2018-01-27 20:49:03: server/common/common.js -> serverdist/common/common.js
2018-01-27 20:49:04: server/config/host.js -> serverdist/config/host.js
2018-01-27 20:49:10: server/controllers/index.js -> serverdist/controllers/index.js
2018-01-27 20:49:16: server/controllers/project.js -> serverdist/controllers/project.js
2018-01-27 20:49:17: >>> [DEV]:  ♫ App Quit
2018-01-27 20:49:12: >>> [DEV]: Compiling...
2018-01-27 20:49:38: server/app.js -> serverdist/app.js
2018-01-27 20:49:45: server/common/common.js -> serverdist/common/common.js
2018-01-27 20:49:46: server/config/host.js -> serverdist/config/host.js
2018-01-27 20:49:52: server/controllers/index.js -> serverdist/controllers/index.js
2018-01-27 20:49:57: server/controllers/project.js -> serverdist/controllers/project.js
2018-01-27 20:49:57: >>> [DEV]:  ♫ App Quit
2018-01-27 20:49:62: >>> [DEV]: Compiling...
2018-01-27 20:49:94: server/app.js -> serverdist/app.js
2018-01-27 20:49:08: server/common/common.js -> serverdist/common/common.js
2018-01-27 20:49:09: server/config/host.js -> serverdist/config/host.js
2018-01-27 20:49:17: server/controllers/index.js -> serverdist/controllers/index.js
2018-01-27 20:49:22: server/controllers/project.js -> serverdist/controllers/project.js
2018-01-27 20:49:22: >>> [DEV]:  ♫ App Quit
2018-01-27 20:49:24: >>> [DEV]: Compiling...
2018-01-27 20:49:53: server/app.js -> serverdist/app.js
2018-01-27 20:49:60: server/common/common.js -> serverdist/common/common.js
2018-01-27 20:49:61: server/config/host.js -> serverdist/config/host.js
2018-01-27 20:49:66: server/controllers/index.js -> serverdist/controllers/index.js
2018-01-27 20:49:70: server/controllers/project.js -> serverdist/controllers/project.js
2018-01-27 20:49:70: >>> [DEV]:  ♫ App Quit
2018-01-27 20:50:87: >>> [DEV]: Compiling...
2018-01-27 20:50:16: server/app.js -> serverdist/app.js
2018-01-27 20:50:28: server/common/common.js -> serverdist/common/common.js
2018-01-27 20:50:30: server/config/host.js -> serverdist/config/host.js
2018-01-27 20:50:37: server/controllers/index.js -> serverdist/controllers/index.js
2018-01-27 20:50:42: server/controllers/project.js -> serverdist/controllers/project.js
2018-01-27 20:50:42: >>> [DEV]:  ♫ App Quit
2018-01-27 20:50:39: >>> [DEV]: Compiling...
2018-01-27 20:50:77: server/app.js -> serverdist/app.js
2018-01-27 20:50:87: server/common/common.js -> serverdist/common/common.js
2018-01-27 20:50:88: server/config/host.js -> serverdist/config/host.js
2018-01-27 20:50:93: server/controllers/index.js -> serverdist/controllers/index.js
2018-01-27 20:50:97: server/controllers/project.js -> serverdist/controllers/project.js
2018-01-27 20:50:98: >>> [DEV]:  ♫ App Quit
2018-01-27 20:50:02: >>> [DEV]: Compiling...
2018-01-27 20:50:38: server/app.js -> serverdist/app.js
2018-01-27 20:50:50: server/common/common.js -> serverdist/common/common.js
2018-01-27 20:50:51: server/config/host.js -> serverdist/config/host.js
2018-01-27 20:50:58: server/controllers/index.js -> serverdist/controllers/index.js
2018-01-27 20:50:62: server/controllers/project.js -> serverdist/controllers/project.js
2018-01-27 20:50:62: >>> [DEV]:  ♫ App Quit
2018-01-27 20:50:65: >>> [DEV]: Compiling...
2018-01-27 20:50:93: server/app.js -> serverdist/app.js
2018-01-27 20:50:01: server/common/common.js -> serverdist/common/common.js
2018-01-27 20:50:02: server/config/host.js -> serverdist/config/host.js
2018-01-27 20:50:07: server/controllers/index.js -> serverdist/controllers/index.js
2018-01-27 20:50:11: server/controllers/project.js -> serverdist/controllers/project.js
2018-01-27 20:50:11: >>> [DEV]:  ♫ App Quit
2018-01-27 20:50:25: >>> [DEV]: Compiling...
2018-01-27 20:50:28: server/app.js -> serverdist/app.js
2018-01-27 20:50:39: server/common/common.js -> serverdist/common/common.js
2018-01-27 20:50:41: server/config/host.js -> serverdist/config/host.js
2018-01-27 20:50:52: server/controllers/index.js -> serverdist/controllers/index.js
2018-01-27 20:50:62: server/controllers/project.js -> serverdist/controllers/project.js
2018-01-27 20:50:20: >>> [DEV]:  ♫ App Quit
2018-01-27 20:50:71: >>> [DEV]: Compiling...
2018-01-27 20:50:44: server/app.js -> serverdist/app.js
2018-01-27 20:50:51: server/common/common.js -> serverdist/common/common.js
2018-01-27 20:50:52: server/config/host.js -> serverdist/config/host.js
2018-01-27 20:50:58: server/controllers/index.js -> serverdist/controllers/index.js
2018-01-27 20:50:63: server/controllers/project.js -> serverdist/controllers/project.js
2018-01-27 20:50:30: >>> [DEV]:  ♫ App Quit
2018-01-27 20:50:93: >>> [DEV]: Compiling...
2018-01-27 20:50:65: server/app.js -> serverdist/app.js
2018-01-27 20:50:76: server/common/common.js -> serverdist/common/common.js
2018-01-27 20:50:78: server/config/host.js -> serverdist/config/host.js
2018-01-27 20:50:86: server/controllers/index.js -> serverdist/controllers/index.js
2018-01-27 20:50:90: server/controllers/project.js -> serverdist/controllers/project.js
2018-01-27 20:50:50: >>> [DEV]:  ♫ App Quit
2018-01-27 20:51:57: >>> [DEV]: Compiling...
2018-01-27 20:51:01: server/app.js -> serverdist/app.js
2018-01-27 20:51:08: server/common/common.js -> serverdist/common/common.js
2018-01-27 20:51:09: server/config/host.js -> serverdist/config/host.js
2018-01-27 20:51:15: server/controllers/index.js -> serverdist/controllers/index.js
2018-01-27 20:51:19: server/controllers/project.js -> serverdist/controllers/project.js
2018-01-27 20:51:73: >>> [DEV]:  ♫ App Quit
2018-01-27 20:51:79: >>> [DEV]: Compiling...
2018-01-27 20:51:86: server/app.js -> serverdist/app.js
2018-01-27 20:51:97: server/common/common.js -> serverdist/common/common.js
2018-01-27 20:51:98: server/config/host.js -> serverdist/config/host.js
2018-01-27 20:51:06: server/controllers/index.js -> serverdist/controllers/index.js
2018-01-27 20:51:11: server/controllers/project.js -> serverdist/controllers/project.js
2018-01-27 20:51:66: >>> [DEV]:  ♫ App Quit
2018-01-27 20:51:56: >>> [DEV]: Compiling...
2018-01-27 20:51:49: server/app.js -> serverdist/app.js
2018-01-27 20:51:56: server/common/common.js -> serverdist/common/common.js
2018-01-27 20:51:56: server/config/host.js -> serverdist/config/host.js
2018-01-27 20:51:62: server/controllers/index.js -> serverdist/controllers/index.js
2018-01-27 20:51:65: server/controllers/project.js -> serverdist/controllers/project.js
2018-01-27 20:51:26: >>> [DEV]:  ♫ App Quit
2018-01-27 20:51:38: >>> [DEV]: Compiling...
2018-01-27 20:51:79: server/app.js -> serverdist/app.js
2018-01-27 20:51:88: server/common/common.js -> serverdist/common/common.js
2018-01-27 20:51:88: server/config/host.js -> serverdist/config/host.js
2018-01-27 20:51:96: server/controllers/index.js -> serverdist/controllers/index.js
2018-01-27 20:51:02: server/controllers/project.js -> serverdist/controllers/project.js
2018-01-27 20:51:63: >>> [DEV]:  ♫ App Quit
2018-01-27 20:51:72: >>> [DEV]: Compiling...
2018-01-27 20:51:61: server/app.js -> serverdist/app.js
2018-01-27 20:51:68: server/common/common.js -> serverdist/common/common.js
2018-01-27 20:51:69: server/config/host.js -> serverdist/config/host.js
2018-01-27 20:51:74: server/controllers/index.js -> serverdist/controllers/index.js
2018-01-27 20:51:79: server/controllers/project.js -> serverdist/controllers/project.js
2018-01-27 20:51:74: >>> [DEV]:  ♫ App Quit
2018-01-27 20:51:96: >>> [DEV]: Compiling...
2018-01-27 20:51:32: server/app.js -> serverdist/app.js
2018-01-27 20:51:39: server/common/common.js -> serverdist/common/common.js
2018-01-27 20:51:40: server/config/host.js -> serverdist/config/host.js
2018-01-27 20:51:45: server/controllers/index.js -> serverdist/controllers/index.js
2018-01-27 20:51:50: server/controllers/project.js -> serverdist/controllers/project.js
2018-01-27 20:51:12: >>> [DEV]:  ♫ App Quit
2018-01-27 20:51:29: >>> [DEV]: Compiling...
2018-01-27 20:51:58: server/app.js -> serverdist/app.js
2018-01-27 20:51:67: server/common/common.js -> serverdist/common/common.js
2018-01-27 20:51:68: server/config/host.js -> serverdist/config/host.js
2018-01-27 20:51:73: server/controllers/index.js -> serverdist/controllers/index.js
2018-01-27 20:51:77: server/controllers/project.js -> serverdist/controllers/project.js
2018-01-27 20:51:41: >>> [DEV]:  ♫ App Quit
2018-01-27 20:51:61: >>> [DEV]: Compiling...
2018-01-27 20:52:53: server/app.js -> serverdist/app.js
2018-01-27 20:52:63: server/common/common.js -> serverdist/common/common.js
2018-01-27 20:52:64: server/config/host.js -> serverdist/config/host.js
2018-01-27 20:52:71: server/controllers/index.js -> serverdist/controllers/index.js
2018-01-27 20:52:78: server/controllers/project.js -> serverdist/controllers/project.js
2018-01-27 20:52:54: >>> [DEV]:  ♫ App Quit
2018-01-27 20:52:58: >>> [DEV]: Compiling...
2018-01-27 20:52:91: server/app.js -> serverdist/app.js
2018-01-27 20:52:99: server/common/common.js -> serverdist/common/common.js
2018-01-27 20:52:99: server/config/host.js -> serverdist/config/host.js
2018-01-27 20:52:06: server/controllers/index.js -> serverdist/controllers/index.js
2018-01-27 20:52:12: server/controllers/project.js -> serverdist/controllers/project.js
2018-01-27 20:52:78: >>> [DEV]:  ♫ App Quit
2018-01-27 20:52:92: >>> [DEV]: Compiling...
2018-01-27 20:52:14: server/app.js -> serverdist/app.js
2018-01-27 20:52:21: server/common/common.js -> serverdist/common/common.js
2018-01-27 20:52:22: server/config/host.js -> serverdist/config/host.js
2018-01-27 20:52:28: server/controllers/index.js -> serverdist/controllers/index.js
2018-01-27 20:52:32: server/controllers/project.js -> serverdist/controllers/project.js
2018-01-27 20:52:88: >>> [DEV]:  ♫ App Quit
2018-01-27 20:52:85: >>> [DEV]: Compiling...
2018-01-27 20:52:14: server/app.js -> serverdist/app.js
2018-01-27 20:52:27: server/common/common.js -> serverdist/common/common.js
2018-01-27 20:52:29: server/config/host.js -> serverdist/config/host.js
2018-01-27 20:52:40: server/controllers/index.js -> serverdist/controllers/index.js
2018-01-27 20:52:55: server/controllers/project.js -> serverdist/controllers/project.js
2018-01-27 20:52:28: >>> [DEV]:  ♫ App Quit
2018-01-27 20:52:37: >>> [DEV]: Compiling...
2018-01-27 20:52:59: server/app.js -> serverdist/app.js
2018-01-27 20:52:66: server/common/common.js -> serverdist/common/common.js
2018-01-27 20:52:67: server/config/host.js -> serverdist/config/host.js
2018-01-27 20:52:72: server/controllers/index.js -> serverdist/controllers/index.js
2018-01-27 20:52:77: server/controllers/project.js -> serverdist/controllers/project.js
2018-01-27 20:52:36: >>> [DEV]:  ♫ App Quit
2018-01-27 20:52:49: >>> [DEV]: Compiling...
2018-01-27 20:52:78: server/app.js -> serverdist/app.js
2018-01-27 20:52:85: server/common/common.js -> serverdist/common/common.js
2018-01-27 20:52:86: server/config/host.js -> serverdist/config/host.js
2018-01-27 20:52:92: server/controllers/index.js -> serverdist/controllers/index.js
2018-01-27 20:52:99: server/controllers/project.js -> serverdist/controllers/project.js
2018-01-27 20:52:68: >>> [DEV]:  ♫ App Quit
2018-01-27 20:52:76: >>> [DEV]: Compiling...
2018-01-27 20:52:26: server/app.js -> serverdist/app.js
2018-01-27 20:52:35: server/common/common.js -> serverdist/common/common.js
2018-01-27 20:52:36: server/config/host.js -> serverdist/config/host.js
2018-01-27 20:52:43: server/controllers/index.js -> serverdist/controllers/index.js
2018-01-27 20:52:49: server/controllers/project.js -> serverdist/controllers/project.js
2018-01-27 20:52:19: >>> [DEV]:  ♫ App Quit
2018-01-27 20:52:25: >>> [DEV]: Compiling...
2018-01-27 20:52:42: server/app.js -> serverdist/app.js
2018-01-27 20:52:50: server/common/common.js -> serverdist/common/common.js
2018-01-27 20:52:51: server/config/host.js -> serverdist/config/host.js
2018-01-27 20:52:56: server/controllers/index.js -> serverdist/controllers/index.js
2018-01-27 20:52:61: server/controllers/project.js -> serverdist/controllers/project.js
2018-01-27 20:52:16: >>> [DEV]:  ♫ App Quit
2018-01-27 20:53:13: >>> [DEV]: Compiling...
2018-01-27 20:53:46: server/app.js -> serverdist/app.js
2018-01-27 20:53:53: server/common/common.js -> serverdist/common/common.js
2018-01-27 20:53:54: server/config/host.js -> serverdist/config/host.js
2018-01-27 20:53:59: server/controllers/index.js -> serverdist/controllers/index.js
2018-01-27 20:53:65: server/controllers/project.js -> serverdist/controllers/project.js
2018-01-27 20:53:24: >>> [DEV]:  ♫ App Quit
2018-01-27 20:53:47: >>> [DEV]: Compiling...
2018-01-27 20:53:95: server/app.js -> serverdist/app.js
2018-01-27 20:53:02: server/common/common.js -> serverdist/common/common.js
2018-01-27 20:53:03: server/config/host.js -> serverdist/config/host.js
2018-01-27 20:53:09: server/controllers/index.js -> serverdist/controllers/index.js
2018-01-27 20:53:13: server/controllers/project.js -> serverdist/controllers/project.js
2018-01-27 20:53:72: >>> [DEV]:  ♫ App Quit
2018-01-27 20:53:76: >>> [DEV]: Compiling...
2018-01-27 20:53:17: server/app.js -> serverdist/app.js
2018-01-27 20:53:25: server/common/common.js -> serverdist/common/common.js
2018-01-27 20:53:25: server/config/host.js -> serverdist/config/host.js
2018-01-27 20:53:31: server/controllers/index.js -> serverdist/controllers/index.js
2018-01-27 20:53:37: server/controllers/project.js -> serverdist/controllers/project.js
2018-01-27 20:53:10: >>> [DEV]:  ♫ App Quit
2018-01-27 20:53:20: >>> [DEV]: Compiling...
2018-01-27 20:53:26: server/app.js -> serverdist/app.js
2018-01-27 20:53:33: server/common/common.js -> serverdist/common/common.js
2018-01-27 20:53:33: server/config/host.js -> serverdist/config/host.js
2018-01-27 20:53:39: server/controllers/index.js -> serverdist/controllers/index.js
2018-01-27 20:53:44: server/controllers/project.js -> serverdist/controllers/project.js
2018-01-27 20:53:09: >>> [DEV]:  ♫ App Quit
2018-01-27 20:53:15: >>> [DEV]: Compiling...
2018-01-27 20:53:78: server/app.js -> serverdist/app.js
2018-01-27 20:53:86: server/common/common.js -> serverdist/common/common.js
2018-01-27 20:53:87: server/config/host.js -> serverdist/config/host.js
2018-01-27 20:53:92: server/controllers/index.js -> serverdist/controllers/index.js
2018-01-27 20:53:96: server/controllers/project.js -> serverdist/controllers/project.js
2018-01-27 20:53:54: >>> [DEV]:  ♫ App Quit
2018-01-27 20:53:62: >>> [DEV]: Compiling...
2018-01-27 20:53:77: server/app.js -> serverdist/app.js
2018-01-27 20:53:86: server/common/common.js -> serverdist/common/common.js
2018-01-27 20:53:87: server/config/host.js -> serverdist/config/host.js
2018-01-27 20:53:94: server/controllers/index.js -> serverdist/controllers/index.js
2018-01-27 20:53:99: server/controllers/project.js -> serverdist/controllers/project.js
2018-01-27 20:53:52: >>> [DEV]:  ♫ App Quit
2018-01-27 20:53:64: >>> [DEV]: Compiling...
2018-01-27 20:53:90: server/app.js -> serverdist/app.js
2018-01-27 20:53:98: server/common/common.js -> serverdist/common/common.js
2018-01-27 20:53:99: server/config/host.js -> serverdist/config/host.js
2018-01-27 20:53:05: server/controllers/index.js -> serverdist/controllers/index.js
2018-01-27 20:53:12: server/controllers/project.js -> serverdist/controllers/project.js
2018-01-27 20:53:81: >>> [DEV]:  ♫ App Quit
2018-01-27 20:54:03: >>> [DEV]: Compiling...
2018-01-27 20:54:37: server/app.js -> serverdist/app.js
2018-01-27 20:54:44: server/common/common.js -> serverdist/common/common.js
2018-01-27 20:54:45: server/config/host.js -> serverdist/config/host.js
2018-01-27 20:54:50: server/controllers/index.js -> serverdist/controllers/index.js
2018-01-27 20:54:57: server/controllers/project.js -> serverdist/controllers/project.js
2018-01-27 20:54:25: >>> [DEV]:  ♫ App Quit
2018-01-27 20:54:34: >>> [DEV]: Compiling...
2018-01-27 20:54:73: server/app.js -> serverdist/app.js
2018-01-27 20:54:81: server/common/common.js -> serverdist/common/common.js
2018-01-27 20:54:81: server/config/host.js -> serverdist/config/host.js
2018-01-27 20:54:89: server/controllers/index.js -> serverdist/controllers/index.js
2018-01-27 20:54:98: server/controllers/project.js -> serverdist/controllers/project.js
2018-01-27 20:54:86: >>> [DEV]:  ♫ App Quit
2018-01-27 20:54:17: >>> [DEV]: Compiling...
2018-01-27 20:54:64: server/app.js -> serverdist/app.js
2018-01-27 20:54:73: server/common/common.js -> serverdist/common/common.js
2018-01-27 20:54:73: server/config/host.js -> serverdist/config/host.js
2018-01-27 20:54:80: server/controllers/index.js -> serverdist/controllers/index.js
2018-01-27 20:54:86: server/controllers/project.js -> serverdist/controllers/project.js
2018-01-27 20:54:50: >>> [DEV]:  ♫ App Quit
2018-01-27 20:54:76: >>> [DEV]: Compiling...
2018-01-27 20:54:36: server/app.js -> serverdist/app.js
2018-01-27 20:54:43: server/common/common.js -> serverdist/common/common.js
2018-01-27 20:54:44: server/config/host.js -> serverdist/config/host.js
2018-01-27 20:54:51: server/controllers/index.js -> serverdist/controllers/index.js
2018-01-27 20:54:57: server/controllers/project.js -> serverdist/controllers/project.js
2018-01-27 20:54:29: >>> [DEV]:  ♫ App Quit
2018-01-27 20:54:54: >>> [DEV]: Compiling...
2018-01-27 20:54:78: server/app.js -> serverdist/app.js
2018-01-27 20:54:85: server/common/common.js -> serverdist/common/common.js
2018-01-27 20:54:86: server/config/host.js -> serverdist/config/host.js
2018-01-27 20:54:93: server/controllers/index.js -> serverdist/controllers/index.js
2018-01-27 20:54:99: server/controllers/project.js -> serverdist/controllers/project.js
2018-01-27 20:54:63: >>> [DEV]:  ♫ App Quit
2018-01-27 20:54:81: >>> [DEV]: Compiling...
2018-01-27 20:54:45: server/app.js -> serverdist/app.js
2018-01-27 20:54:52: server/common/common.js -> serverdist/common/common.js
2018-01-27 20:54:54: server/config/host.js -> serverdist/config/host.js
2018-01-27 20:54:60: server/controllers/index.js -> serverdist/controllers/index.js
2018-01-27 20:54:65: server/controllers/project.js -> serverdist/controllers/project.js
2018-01-27 20:54:26: >>> [DEV]:  ♫ App Quit
2018-01-27 20:54:52: >>> [DEV]: Compiling...
2018-01-27 20:54:97: server/app.js -> serverdist/app.js
2018-01-27 20:54:04: server/common/common.js -> serverdist/common/common.js
2018-01-27 20:54:05: server/config/host.js -> serverdist/config/host.js
2018-01-27 20:54:11: server/controllers/index.js -> serverdist/controllers/index.js
2018-01-27 20:54:16: server/controllers/project.js -> serverdist/controllers/project.js
2018-01-27 20:54:79: >>> [DEV]:  ♫ App Quit
2018-01-27 20:55:90: >>> [DEV]: Compiling...
2018-01-27 20:55:48: server/app.js -> serverdist/app.js
2018-01-27 20:55:56: server/common/common.js -> serverdist/common/common.js
2018-01-27 20:55:57: server/config/host.js -> serverdist/config/host.js
2018-01-27 20:55:65: server/controllers/index.js -> serverdist/controllers/index.js
2018-01-27 20:55:71: server/controllers/project.js -> serverdist/controllers/project.js
2018-01-27 20:55:37: >>> [DEV]:  ♫ App Quit
2018-01-27 20:55:58: >>> [DEV]: Compiling...
2018-01-27 20:55:85: server/app.js -> serverdist/app.js
2018-01-27 20:55:05: server/common/common.js -> serverdist/common/common.js
2018-01-27 20:55:06: server/config/host.js -> serverdist/config/host.js
2018-01-27 20:55:17: server/controllers/index.js -> serverdist/controllers/index.js
2018-01-27 20:55:23: server/controllers/project.js -> serverdist/controllers/project.js
2018-01-27 20:55:99: >>> [DEV]:  ♫ App Quit
2018-01-27 20:55:30: >>> [DEV]: Compiling...
2018-01-27 20:55:76: server/app.js -> serverdist/app.js
2018-01-27 20:55:84: server/common/common.js -> serverdist/common/common.js
2018-01-27 20:55:85: server/config/host.js -> serverdist/config/host.js
2018-01-27 20:55:94: server/controllers/index.js -> serverdist/controllers/index.js
2018-01-27 20:55:04: server/controllers/project.js -> serverdist/controllers/project.js
2018-01-27 20:55:77: >>> [DEV]:  ♫ App Quit
2018-01-27 20:55:45: >>> [DEV]: Compiling...
2018-01-27 20:55:70: server/app.js -> serverdist/app.js
2018-01-27 20:55:83: server/common/common.js -> serverdist/common/common.js
2018-01-27 20:55:85: server/config/host.js -> serverdist/config/host.js
2018-01-27 20:55:98: server/controllers/index.js -> serverdist/controllers/index.js
2018-01-27 20:55:10: server/controllers/project.js -> serverdist/controllers/project.js
2018-01-27 20:55:96: >>> [DEV]:  ♫ App Quit
2018-01-27 20:55:23: >>> [DEV]: Compiling...
2018-01-27 20:55:88: server/app.js -> serverdist/app.js
2018-01-27 20:55:00: server/common/common.js -> serverdist/common/common.js
2018-01-27 20:55:01: server/config/host.js -> serverdist/config/host.js
2018-01-27 20:55:11: server/controllers/index.js -> serverdist/controllers/index.js
2018-01-27 20:55:19: server/controllers/project.js -> serverdist/controllers/project.js
2018-01-27 20:55:96: >>> [DEV]:  ♫ App Quit
2018-01-27 20:55:21: >>> [DEV]: Compiling...
2018-01-27 20:55:51: server/app.js -> serverdist/app.js
2018-01-27 20:55:63: server/common/common.js -> serverdist/common/common.js
2018-01-27 20:55:65: server/config/host.js -> serverdist/config/host.js
2018-01-27 20:55:76: server/controllers/index.js -> serverdist/controllers/index.js
2018-01-27 20:55:91: server/controllers/project.js -> serverdist/controllers/project.js
2018-01-27 20:55:71: >>> [DEV]:  ♫ App Quit
2018-01-27 20:55:01: >>> [DEV]: Compiling...
2018-01-27 20:56:66: server/app.js -> serverdist/app.js
2018-01-27 20:56:80: server/common/common.js -> serverdist/common/common.js
2018-01-27 20:56:82: server/config/host.js -> serverdist/config/host.js
2018-01-27 20:56:93: server/controllers/index.js -> serverdist/controllers/index.js
2018-01-27 20:56:99: server/controllers/project.js -> serverdist/controllers/project.js
2018-01-27 20:56:95: >>> [DEV]:  ♫ App Quit
2018-01-27 20:56:75: >>> [DEV]: Compiling...
2018-01-27 20:56:68: server/app.js -> serverdist/app.js
2018-01-27 20:56:76: server/common/common.js -> serverdist/common/common.js
2018-01-27 20:56:77: server/config/host.js -> serverdist/config/host.js
2018-01-27 20:56:83: server/controllers/index.js -> serverdist/controllers/index.js
2018-01-27 20:56:89: server/controllers/project.js -> serverdist/controllers/project.js
2018-01-27 20:56:61: >>> [DEV]:  ♫ App Quit
2018-01-27 20:56:05: >>> [DEV]: Compiling...
2018-01-27 20:56:81: server/app.js -> serverdist/app.js
2018-01-27 20:56:91: server/common/common.js -> serverdist/common/common.js
2018-01-27 20:56:93: server/config/host.js -> serverdist/config/host.js
2018-01-27 20:56:03: server/controllers/index.js -> serverdist/controllers/index.js
2018-01-27 20:56:11: server/controllers/project.js -> serverdist/controllers/project.js
2018-01-27 20:56:92: >>> [DEV]:  ♫ App Quit
2018-01-27 20:56:11: >>> [DEV]: Compiling...
2018-01-27 20:56:44: server/app.js -> serverdist/app.js
2018-01-27 20:56:52: server/common/common.js -> serverdist/common/common.js
2018-01-27 20:56:54: server/config/host.js -> serverdist/config/host.js
2018-01-27 20:56:59: server/controllers/index.js -> serverdist/controllers/index.js
2018-01-27 20:56:65: server/controllers/project.js -> serverdist/controllers/project.js
2018-01-27 20:56:28: >>> [DEV]:  ♫ App Quit
2018-01-27 20:56:08: >>> [DEV]: Compiling...
2018-01-27 20:56:52: server/app.js -> serverdist/app.js
2018-01-27 20:56:63: server/common/common.js -> serverdist/common/common.js
2018-01-27 20:56:66: server/config/host.js -> serverdist/config/host.js
2018-01-27 20:56:84: server/controllers/index.js -> serverdist/controllers/index.js
2018-01-27 20:56:92: server/controllers/project.js -> serverdist/controllers/project.js
2018-01-27 20:56:78: >>> [DEV]:  ♫ App Quit
2018-01-27 20:56:86: >>> [DEV]: Compiling...
2018-01-27 20:56:31: server/app.js -> serverdist/app.js
2018-01-27 20:56:38: server/common/common.js -> serverdist/common/common.js
2018-01-27 20:56:39: server/config/host.js -> serverdist/config/host.js
2018-01-27 20:56:46: server/controllers/index.js -> serverdist/controllers/index.js
2018-01-27 20:56:55: server/controllers/project.js -> serverdist/controllers/project.js
2018-01-27 20:56:40: >>> [DEV]:  ♫ App Quit
2018-01-27 20:56:73: >>> [DEV]: Compiling...
2018-01-27 20:56:55: server/app.js -> serverdist/app.js
2018-01-27 20:56:68: server/common/common.js -> serverdist/common/common.js
2018-01-27 20:56:70: server/config/host.js -> serverdist/config/host.js
2018-01-27 20:56:77: server/controllers/index.js -> serverdist/controllers/index.js
2018-01-27 20:56:82: server/controllers/project.js -> serverdist/controllers/project.js
2018-01-27 20:56:49: >>> [DEV]:  ♫ App Quit
2018-01-27 20:57:54: >>> [DEV]: Compiling...
2018-01-27 20:57:84: server/app.js -> serverdist/app.js
2018-01-27 20:57:95: server/common/common.js -> serverdist/common/common.js
2018-01-27 20:57:96: server/config/host.js -> serverdist/config/host.js
2018-01-27 20:57:06: server/controllers/index.js -> serverdist/controllers/index.js
2018-01-27 20:57:18: server/controllers/project.js -> serverdist/controllers/project.js
2018-01-27 20:57:14: >>> [DEV]:  ♫ App Quit
2018-01-27 20:57:32: >>> [DEV]: Compiling...
2018-01-27 20:57:56: server/app.js -> serverdist/app.js
2018-01-27 20:57:64: server/common/common.js -> serverdist/common/common.js
2018-01-27 20:57:65: server/config/host.js -> serverdist/config/host.js
2018-01-27 20:57:70: server/controllers/index.js -> serverdist/controllers/index.js
2018-01-27 20:57:77: server/controllers/project.js -> serverdist/controllers/project.js
2018-01-27 20:57:54: >>> [DEV]:  ♫ App Quit
2018-01-27 20:57:52: >>> [DEV]: Compiling...
2018-01-27 20:57:99: server/app.js -> serverdist/app.js
2018-01-27 20:57:10: server/common/common.js -> serverdist/common/common.js
2018-01-27 20:57:11: server/config/host.js -> serverdist/config/host.js
2018-01-27 20:57:22: server/controllers/index.js -> serverdist/controllers/index.js
2018-01-27 20:57:32: server/controllers/project.js -> serverdist/controllers/project.js
2018-01-27 20:57:10: >>> [DEV]:  ♫ App Quit
2018-01-27 20:57:14: >>> [DEV]: Compiling...
2018-01-27 20:57:54: server/app.js -> serverdist/app.js
2018-01-27 20:57:62: server/common/common.js -> serverdist/common/common.js
2018-01-27 20:57:63: server/config/host.js -> serverdist/config/host.js
2018-01-27 20:57:69: server/controllers/index.js -> serverdist/controllers/index.js
2018-01-27 20:57:74: server/controllers/project.js -> serverdist/controllers/project.js
2018-01-27 20:57:50: >>> [DEV]:  ♫ App Quit
2018-01-27 20:57:92: >>> [DEV]: Compiling...
2018-01-27 20:57:85: server/app.js -> serverdist/app.js
2018-01-27 20:57:98: server/common/common.js -> serverdist/common/common.js
2018-01-27 20:57:00: server/config/host.js -> serverdist/config/host.js
2018-01-27 20:57:08: server/controllers/index.js -> serverdist/controllers/index.js
2018-01-27 20:57:16: server/controllers/project.js -> serverdist/controllers/project.js
2018-01-27 20:57:00: >>> [DEV]:  ♫ App Quit
2018-01-27 20:57:23: >>> [DEV]: Compiling...
2018-01-27 20:57:80: server/app.js -> serverdist/app.js
2018-01-27 20:57:87: server/common/common.js -> serverdist/common/common.js
2018-01-27 20:57:88: server/config/host.js -> serverdist/config/host.js
2018-01-27 20:57:93: server/controllers/index.js -> serverdist/controllers/index.js
2018-01-27 20:57:99: server/controllers/project.js -> serverdist/controllers/project.js
2018-01-27 20:57:68: >>> [DEV]:  ♫ App Quit
2018-01-27 20:57:01: >>> [DEV]: Compiling...
2018-01-27 20:58:01: server/app.js -> serverdist/app.js
2018-01-27 20:58:13: server/common/common.js -> serverdist/common/common.js
2018-01-27 20:58:14: server/config/host.js -> serverdist/config/host.js
2018-01-27 20:58:22: server/controllers/index.js -> serverdist/controllers/index.js
2018-01-27 20:58:28: server/controllers/project.js -> serverdist/controllers/project.js
2018-01-27 20:58:12: >>> [DEV]:  ♫ App Quit
2018-01-27 20:58:36: >>> [DEV]: Compiling...
2018-01-27 20:58:80: server/app.js -> serverdist/app.js
2018-01-27 20:58:87: server/common/common.js -> serverdist/common/common.js
2018-01-27 20:58:88: server/config/host.js -> serverdist/config/host.js
2018-01-27 20:58:93: server/controllers/index.js -> serverdist/controllers/index.js
2018-01-27 20:58:99: server/controllers/project.js -> serverdist/controllers/project.js
2018-01-27 20:58:68: >>> [DEV]:  ♫ App Quit
2018-01-27 20:58:04: >>> [DEV]: Compiling...
2018-01-27 20:58:88: server/app.js -> serverdist/app.js
2018-01-27 20:58:99: server/common/common.js -> serverdist/common/common.js
2018-01-27 20:58:00: server/config/host.js -> serverdist/config/host.js
2018-01-27 20:58:09: server/controllers/index.js -> serverdist/controllers/index.js
2018-01-27 20:58:16: server/controllers/project.js -> serverdist/controllers/project.js
2018-01-27 20:58:99: >>> [DEV]:  ♫ App Quit
2018-01-27 20:58:03: >>> [DEV]: Compiling...
2018-01-27 20:58:33: server/app.js -> serverdist/app.js
2018-01-27 20:58:40: server/common/common.js -> serverdist/common/common.js
2018-01-27 20:58:41: server/config/host.js -> serverdist/config/host.js
2018-01-27 20:58:47: server/controllers/index.js -> serverdist/controllers/index.js
2018-01-27 20:58:51: server/controllers/project.js -> serverdist/controllers/project.js
2018-01-27 20:58:24: >>> [DEV]:  ♫ App Quit
2018-01-27 20:58:73: >>> [DEV]: Compiling...
2018-01-27 20:58:01: server/app.js -> serverdist/app.js
2018-01-27 20:58:07: server/common/common.js -> serverdist/common/common.js
2018-01-27 20:58:08: server/config/host.js -> serverdist/config/host.js
2018-01-27 20:58:13: server/controllers/index.js -> serverdist/controllers/index.js
2018-01-27 20:58:18: server/controllers/project.js -> serverdist/controllers/project.js
2018-01-27 20:58:90: >>> [DEV]:  ♫ App Quit
2018-01-27 20:58:02: >>> [DEV]: Compiling...
2018-01-27 20:58:39: server/app.js -> serverdist/app.js
2018-01-27 20:58:48: server/common/common.js -> serverdist/common/common.js
2018-01-27 20:58:49: server/config/host.js -> serverdist/config/host.js
2018-01-27 20:58:54: server/controllers/index.js -> serverdist/controllers/index.js
2018-01-27 20:58:60: server/controllers/project.js -> serverdist/controllers/project.js
2018-01-27 20:58:40: app started at port 3000...
2018-01-27 20:58:40: >>> [DEV]: ♪ App Started
2018-01-27 20:58:40: >>> [DEV]:  ♫ App Quit
2018-01-27 20:58:55: >>> [DEV]: Compiling...
2018-01-27 20:58:56: server/app.js -> serverdist/app.js
2018-01-27 20:58:64: server/common/common.js -> serverdist/common/common.js
2018-01-27 20:58:65: server/config/host.js -> serverdist/config/host.js
2018-01-27 20:58:71: server/controllers/index.js -> serverdist/controllers/index.js
2018-01-27 20:58:78: server/controllers/project.js -> serverdist/controllers/project.js
2018-01-27 20:58:41: app started at port 3000...
2018-01-27 20:58:41: >>> [DEV]: ♪ App Started
2018-01-27 20:58:42: >>> [DEV]:  ♫ App Quit
2018-01-27 20:58:47: >>> [DEV]: Compiling...
2018-01-27 20:58:77: server/app.js -> serverdist/app.js
2018-01-27 20:58:85: server/common/common.js -> serverdist/common/common.js
2018-01-27 20:58:86: server/config/host.js -> serverdist/config/host.js
2018-01-27 20:58:93: server/controllers/index.js -> serverdist/controllers/index.js
2018-01-27 20:59:01: server/controllers/project.js -> serverdist/controllers/project.js
2018-01-27 20:59:84: app started at port 3000...
2018-01-27 20:59:84: >>> [DEV]: ♪ App Started
2018-01-27 20:59:84: >>> [DEV]:  ♫ App Quit
2018-01-27 20:59:04: >>> [DEV]: Compiling...
2018-01-27 20:59:06: server/app.js -> serverdist/app.js
2018-01-27 20:59:12: server/common/common.js -> serverdist/common/common.js
2018-01-27 20:59:12: server/config/host.js -> serverdist/config/host.js
2018-01-27 20:59:17: server/controllers/index.js -> serverdist/controllers/index.js
2018-01-27 20:59:22: server/controllers/project.js -> serverdist/controllers/project.js
2018-01-27 20:59:89: app started at port 3000...
2018-01-27 20:59:89: >>> [DEV]: ♪ App Started
2018-01-27 20:59:90: >>> [DEV]:  ♫ App Quit
2018-01-27 20:59:35: >>> [DEV]:  ♫ App Quit
2018-01-27 20:59:70: >>> [DEV]: Compiling...
2018-01-27 20:59:29: server/app.js -> serverdist/app.js
2018-01-27 20:59:38: server/common/common.js -> serverdist/common/common.js
2018-01-27 20:59:40: server/config/host.js -> serverdist/config/host.js
2018-01-27 20:59:48: server/controllers/index.js -> serverdist/controllers/index.js
2018-01-27 20:59:57: server/controllers/project.js -> serverdist/controllers/project.js
2018-01-27 20:59:42: app started at port 3000...
2018-01-27 20:59:42: >>> [DEV]: ♪ App Started
2018-01-27 20:59:84:   <-- GET /capricornus/
2018-01-27 20:59:87:   --> GET /capricornus/ 404 28ms -
2018-01-27 20:59:36:   <-- GET /favicon.ico
2018-01-27 20:59:36:   --> GET /favicon.ico 404 2ms -
2018-01-27 20:59:64:   <-- GET /
2018-01-27 20:59:64:   --> GET / 404 2ms -
2018-01-27 21:04:03: server/app.js -> serverdist/app.js
2018-01-27 21:04:04: >>> [DEV]: ♬ App Cache Cleaned...
2018-01-27 21:04:10: server/app.js -> serverdist/app.js
2018-01-27 21:04:10: >>> [DEV]: ♬ App Cache Cleaned...
2018-01-27 21:04:27: server/app.js -> serverdist/app.js
2018-01-27 21:04:27: >>> [DEV]: ♬ App Cache Cleaned...
2018-01-27 21:04:35: server/app.js -> serverdist/app.js
2018-01-27 21:04:35: >>> [DEV]: ♬ App Cache Cleaned...
2018-01-27 21:04:93: >>> [DEV]:  ♫ App Quit
2018-01-27 21:04:16: >>> [DEV]: Compiling...
2018-01-27 21:04:52: server/app.js -> serverdist/app.js
2018-01-27 21:04:60: server/common/common.js -> serverdist/common/common.js
2018-01-27 21:04:61: server/config/host.js -> serverdist/config/host.js
2018-01-27 21:04:69: server/controllers/index.js -> serverdist/controllers/index.js
2018-01-27 21:04:75: server/controllers/project.js -> serverdist/controllers/project.js
2018-01-27 21:04:48: app started at port 3000...
2018-01-27 21:04:48: >>> [DEV]: ♪ App Started
2018-01-27 21:05:42:   <-- GET /
2018-01-27 21:05:44:   --> GET / 404 12ms -
2018-01-27 21:05:20:   <-- GET /index
2018-01-27 21:05:20:   xxx GET /index 500 3ms -
2018-01-27 21:05:82:   <-- GET /index
2018-01-27 21:05:82:   xxx GET /index 500 1ms -
2018-01-27 21:05:44:   <-- GET /index
2018-01-27 21:05:44:   xxx GET /index 500 2ms -
2018-01-27 21:07:02: server/controllers/index.js -> serverdist/controllers/index.js
2018-01-27 21:07:02: >>> [DEV]: ♬ App Cache Cleaned...
2018-01-27 21:07:67: server/controllers/index.js -> serverdist/controllers/index.js
2018-01-27 21:07:67: >>> [DEV]: ♬ App Cache Cleaned...
2018-01-27 21:07:99: server/controllers/index.js -> serverdist/controllers/index.js
2018-01-27 21:07:99: >>> [DEV]: ♬ App Cache Cleaned...
2018-01-27 21:08:27: server/controllers/index.js -> serverdist/controllers/index.js
2018-01-27 21:08:27: >>> [DEV]: ♬ App Cache Cleaned...
2018-01-27 21:08:69: server/controllers/project.js -> serverdist/controllers/project.js
2018-01-27 21:08:70: >>> [DEV]: ♬ App Cache Cleaned...
2018-01-27 21:08:54: server/app.js -> serverdist/app.js
2018-01-27 21:08:54: >>> [DEV]: ♬ App Cache Cleaned...
2018-01-27 21:08:77: server/controllers/index.js -> serverdist/controllers/index.js
2018-01-27 21:08:77: >>> [DEV]: ♬ App Cache Cleaned...
2018-01-27 21:08:87: server/controllers/index.js -> serverdist/controllers/index.js
2018-01-27 21:08:87: >>> [DEV]: ♬ App Cache Cleaned...
2018-01-27 21:08:94: server/controllers/index.js -> serverdist/controllers/index.js
2018-01-27 21:08:94: >>> [DEV]: ♬ App Cache Cleaned...
2018-01-27 21:08:03: server/controllers/index.js -> serverdist/controllers/index.js
2018-01-27 21:08:04: >>> [DEV]: ♬ App Cache Cleaned...
2018-01-27 21:09:59: >>> [DEV]:  ♫ App Quit
2018-01-27 21:09:85: >>> [DEV]: Compiling...
2018-01-27 21:09:71: server/app.js -> serverdist/app.js
2018-01-27 21:09:78: server/common/common.js -> serverdist/common/common.js
2018-01-27 21:09:80: server/config/host.js -> serverdist/config/host.js
2018-01-27 21:09:86: server/controllers/index.js -> serverdist/controllers/index.js
2018-01-27 21:09:92: server/controllers/project.js -> serverdist/controllers/project.js
2018-01-27 21:09:60: app started at port 3000...
2018-01-27 21:09:60: >>> [DEV]: ♪ App Started
2018-01-27 21:09:03:   <-- GET /index
2018-01-27 21:09:06:   --> GET /index 200 30ms 499b
2018-01-27 21:09:09:   <-- GET /dist/css/app.30790115300ab27614ce176899523b62.css
2018-01-27 21:09:10:   <-- GET /dist/js/manifest.12be3363b5b87e0fda44.js
2018-01-27 21:09:10:   --> GET /dist/css/app.30790115300ab27614ce176899523b62.css 200 9ms 432b
2018-01-27 21:09:11:   --> GET /dist/js/manifest.12be3363b5b87e0fda44.js 200 9ms 1.45kb
2018-01-27 21:09:11:   <-- GET /dist/js/vendor.5fa579d463e89705d475.js
2018-01-27 21:09:12:   --> GET /dist/js/vendor.5fa579d463e89705d475.js 200 5ms 108.76kb
2018-01-27 21:09:12:   <-- GET /dist/js/app.9b80481f3d40bacbff13.js
2018-01-27 21:09:12:   --> GET /dist/js/app.9b80481f3d40bacbff13.js 200 2ms 12.31kb
